Arguments: 
  /usr/local/bin/node /Users/echo/.yarn/bin/yarn.js install

PATH: 
  /Users/echo/Library/pnpm:/Library/Java/JavaVirtualMachines/jdk-18.0.2.1.jdk/Contents/Home/bin:/usr/local/opt/python@3.9/libexec/bin:/Users/echo/.yarn/bin:/Users/echo/.config/yarn/global/node_modules/.bin:/Users/echo/.local/share/solana/install/active_release/bin:/Library/Frameworks/Python.framework/Versions/3.10/bin:/Library/Frameworks/Python.framework/Versions/2.7/bin:/opt/homebrew/bin:/opt/homebrew/sbin:/usr/local/bin:/usr/bin:/bin:/usr/sbin:/sbin:/usr/local/go/bin:/usr/local/share/dotnet:~/.dotnet/tools:/Library/Apple/usr/bin:/Applications/Postgres.app/Contents/Versions/latest/bin:/Library/Java/JavaVirtualMachines/jdk-18.0.2.1.jdk/Contents/Home/bin:/Users/echo/opt/anaconda3/bin:/Users/echo/opt/anaconda3/condabin:/usr/local/opt/python@3.9/libexec/bin:/Users/echo/.yarn/bin:/Users/echo/.config/yarn/global/node_modules/.bin:/Users/echo/.local/share/solana/install/active_release/bin:/Library/Frameworks/Python.framework/Versions/3.10/bin:/Library/Frameworks/Python.framework/Versions/2.7/bin:/opt/homebrew/bin:/opt/homebrew/sbin:/Users/echo/.cargo/bin

Yarn version: 
  1.22.19

Node version: 
  22.3.0

Platform: 
  darwin arm64

Trace: 
  Error: ENOENT: no such file or directory, copyfile '/Users/echo/Library/Caches/Yarn/v6/npm-bs58-4.0.1-be161e76c354f6f788ae4071f63f34e8c4f0a42a-integrity/node_modules/bs58/README.md' -> '/Users/echo/Documents/umi-cmv3-ui-inofficial-main/node_modules/@solana/web3.js/node_modules/bs58/README.md'

npm manifest: 
  {
    "name": "umi-cmv3-ui-inofficial",
    "version": "0.3.0",
    "private": true,
    "scripts": {
      "dev": "next dev",
      "build": "next build",
      "start": "next start",
      "lint": "next lint"
    },
    "dependencies": {
      "@chakra-ui/next-js": "^2.1.4",
      "@chakra-ui/react": "^2.7.1",
      "@emotion/react": "^11.11.1",
      "@emotion/styled": "^11.11.0",
      "@metaplex-foundation/mpl-candy-machine": "6.0.1",
      "@metaplex-foundation/mpl-token-metadata": "3.2.0",
      "@metaplex-foundation/mpl-toolbox": "^0.9.2",
      "@metaplex-foundation/umi": "^0.9.1",
      "@metaplex-foundation/umi-bundle-defaults": "^0.9.1",
      "@metaplex-foundation/umi-rpc-web3js": "^0.9.1",
      "@metaplex-foundation/umi-signer-wallet-adapters": "^0.9.1",
      "@metaplex-foundation/umi-uploader-nft-storage": "^0.9.1",
      "@metaplex-foundation/umi-web3js-adapters": "^0.9.1",
      "@next/font": "13.1.6",
      "@solana/wallet-adapter-base": "^0.9.22",
      "@solana/wallet-adapter-react": "^0.15.32",
      "@solana/wallet-adapter-react-ui": "^0.9.31",
      "@solana/wallet-adapter-wallets": "^0.19.16",
      "@solana/web3.js": "^1.75.0",
      "@types/node": "18.11.18",
      "@types/react": "18.0.27",
      "@types/react-dom": "18.0.10",
      "@types/react-slick": "^0.23.10",
      "eslint": "8.33.0",
      "eslint-config-next": "13.1.6",
      "framer-motion": "^10.12.16",
      "next": "13.1.6",
      "react": "18.2.0",
      "react-dom": "18.2.0",
      "react-slick": "^0.29.0",
      "typescript": "4.9.5"
    }
  }

yarn manifest: 
  No manifest

Lockfile: 
  No lockfile
